[Z:\park\park\parkPro\utils\env.py]-[DEBUG]: [Z:\park\park\parkPro\expand\base\Command.py](Command.py:Command) 
	epoch - 97 	 : 2023-02-25 12:52:49 
	msg: 当前迭代第1，该程序(port)执行成功
[Z:\park\park\parkPro\utils\env.py]-[DEBUG]: [](:) 
	main_web - 6 	 : 2023-02-25 12:52:53 
	msg: [http://127.0.0.1:5003/] GET : 成功
[Z:\park\park\parkPro\utils\env.py]-[DEBUG]: [](:) 
	login_web - 6 	 : 2023-02-25 12:52:53 
	msg: [http://127.0.0.1:5003/login] GET : 成功
[Z:\park\park\parkPro\utils\env.py]-[DEBUG]: [](:) 
	login_web - 6 	 : 2023-02-25 12:52:55 
	msg: [http://127.0.0.1:5003/login] POST : 成功
[Z:\park\park\parkPro\utils\env.py]-[DEBUG]: [](:) 
	ws - 6 	 : 2023-02-25 12:52:59 
	msg: [http://localhost:5003/ws] POST : 成功
[Z:\park\park\parkPro\utils\env.py]-[ERROR]: [Z:\park\park\parkPro\expand\orm\ormbase.py](ormbase.py:ormbase) 
	execute - 83 	 : 2023-02-25 12:53:15 
	msg: (1364, "Field 'create_date' doesn't have a default value")
[Z:\park\park\parkPro\utils\env.py]-[DEBUG]: [](:) 
	ws - 6 	 : 2023-02-25 12:53:37 
	msg: [http://localhost:5003/ws] POST : 成功
