[Z:\park\park\parkPro\utils\env.py]-[DEBUG]: [](:) 
	main_web - 6 	 : 2023-02-26 16:11:57 
	msg: [http://127.0.0.1:5000/] GET : 成功
[Z:\park\park\parkPro\utils\env.py]-[DEBUG]: [](:) 
	main_web - 6 	 : 2023-02-26 16:11:57 
	msg: [http://127.0.0.1:5000/] GET : 成功
[Z:\park\park\parkPro\utils\env.py]-[DEBUG]: [](:) 
	login_web - 6 	 : 2023-02-26 16:11:57 
	msg: [http://127.0.0.1:5000/login] GET : 成功
[Z:\park\park\parkPro\utils\env.py]-[DEBUG]: [](:) 
	login_web - 6 	 : 2023-02-26 16:11:57 
	msg: [http://127.0.0.1:5000/login] GET : 成功
[Z:\park\park\parkPro\utils\env.py]-[ERROR]: [Z:\park\park\parkPro\expand\orm\ormbase.py](ormbase.py:ormbase) 
	execute - 106 	 : 2023-02-26 16:12:00 
	msg: (1146, "Table 'test.flask_user' doesn't exist")
[Z:\park\park\parkPro\utils\env.py]-[ERROR]: [Z:\park\park\parkPro\expand\orm\ormbase.py](ormbase.py:ormbase) 
	execute - 106 	 : 2023-02-26 16:12:00 
	msg: (1146, "Table 'test.flask_user' doesn't exist")
[Z:\park\park\parkPro\utils\env.py]-[ERROR]: [Z:\park\park\parkPro\expand\orm\ormbase.py](ormbase.py:ormbase) 
	execute - 106 	 : 2023-02-26 16:12:01 
	msg: (1146, "Table 'test.flask_user' doesn't exist")
[Z:\park\park\parkPro\utils\env.py]-[ERROR]: [Z:\park\park\parkPro\expand\orm\ormbase.py](ormbase.py:ormbase) 
	execute - 106 	 : 2023-02-26 16:12:01 
	msg: (1146, "Table 'test.flask_user' doesn't exist")
[Z:\park\park\parkPro\utils\env.py]-[ERROR]: [](:) 
	login_web - 9 	 : 2023-02-26 16:12:01 
	msg: [http://127.0.0.1:5000/login] POST : 密码过短
密码必须包含字母
密码必须包含大写字母
密码必须包含特殊符号
[Z:\park\park\parkPro\utils\env.py]-[ERROR]: [](:) 
	login_web - 9 	 : 2023-02-26 16:12:01 
	msg: [http://127.0.0.1:5000/login] POST : 密码过短
密码必须包含字母
密码必须包含大写字母
密码必须包含特殊符号
